//-------------------------- 2/18/2013 -- 10:02:45 -----
Processor Init:
   AMD (unknown), ~1.40 Ghz
   FPU detected
   MMX detected
   3DNow detected
   SSE detected
   SSE2 detected
   HT detected
   MP detected [1 cores, 4 logical, 1 physical]
 
Math Init:
   Installing Standard C extensions
   Installing Assembly extensions
   Installing FPU extensions
   Installing MMX extensions
   Installing 3DNow extensions
   Installing SSE extensions
 
Initializing platform...
Input Init:
   keyboard0 input device created.
   mouse0 input device created.
   DirectInput enabled.

Done
SFXALProvider - OpenAL not available.
SFXFMODProvider - Could not locate 'fmodex.dll' or 'fmodexp.dll' - FMOD  not available.
GFX Init:
   Direct 3D (version 9.x) device found
   Null device found

DebugDrawer Enabled!
--------- Loading DIRS ---------

--------- Parsing Arguments ---------
Binding server port to default IP
UDP initialized on port 0
Attempting to create GFX device: AMD Radeon(TM) HD 6520G  (D3D9)
Device created, setting adapter and enumerating modes
   Cur. D3DDevice ref count=1
   Pix version detected: 3.000000
   Vert version detected: 3.000000
   Maximum number of simultaneous samplers: 16
   Number of simultaneous render targets: 4
   Hardware occlusion query detected: Yes
   Using Direct3D9Ex: No
WMIVideoInfo: DxDiag initialized
Initializing GFXCardProfiler (D3D9)
   o Chipset : 'ATI Technologies Inc.'
   o Card    : 'AMD Radeon(TM) HD 6520G '
   o Version : '8.17.0010.1091'
   - Scanning card capabilities...
GFXCardProfiler (D3D9) - Setting capability 'autoMipMapLevel' to 1.
GFXCardProfiler (D3D9) - Setting capability 'maxTextureWidth' to 16384.
GFXCardProfiler (D3D9) - Setting capability 'maxTextureHeight' to 16384.
GFXCardProfiler (D3D9) - Setting capability 'maxTextureSize' to 16384.
GFXCardProfiler (D3D9) - Setting capability 'lerpDetailBlend' to 1.
GFXCardProfiler (D3D9) - Setting capability 'fourStageDetailBlend' to 1.
   - Loading card profiles...
      - Loaded card profile core/profile/D3D9.cs
      - Loaded card profile core/profile/D3D9.ATITechnologiesInc.cs
<input> (0): Unable to find function GFXCardProfiler::getVersion
      - No card profile core/profile/D3D9.ATITechnologiesInc.AMDRadeonTMHD6520G.cs exists
      - No card profile core/profile/D3D9.ATITechnologiesInc.AMDRadeonTMHD6520G.81700101091.cs exists
% - PostFX Manager - Executing core/scripts/client/postFx/default.postfxpreset.cs
% - PostFX Manager - Applying from preset
% - PostFX Manager - PostFX enabled
Missing file: core/art/gui/customProfiles.cs!
 % - Initialized Core

--------- Initializing Directory: scripts ---------
sfxStartup...
SFXSystem::createDevice - created DirectSound device 'Speakers (Realtek High Definition Audio)'
SFXDSDevice::setDistanceModel - 'linear' distance attenuation not supported by DirectSound
   Provider: DirectSound
   Device: Speakers (Realtek High Definition Audio)
   Hardware: No
   Buffers: 16

--------- Initializing Open_War: Server Scripts ---------

--------- Initializing Open_War: Client Scripts ---------

--------- Initializing Lighting Systems ---------
Using Advanced Lighting


--------------
Attempting to set resolution to "1280 720 false 32 60 4"
Accepted Mode: 
--Resolution : 1280 720
--Full Screen : No
--Bits Per Pixel : 32
--Refresh Rate : 60
--FSAA Level : 4
--------------
GFXPCD3D9Device::reset - depthstencil 5067a0 has 2 ref's
--- Resetting D3D Device ---
GFXPCD3D9Device::reset - depthstencil 4a52020 has 2 ref's
--- Resetting D3D Device ---
art/shapes/weapons/SwarmGun/materials.cs (23): Cannot re-declare object [w_swarmgun].
Binding server port to default IP
UDP initialized on port 0
 % - Initializing Tools
 % - Initializing Tools Base
 % - Initializing Base Editor
 % - Initializing World Editor
 % - Initializing Sketch Tool
 - Initializing Datablock Editor
 % - Initializing Debugger
 % - Initializing Decal Editor
 % - Initializing Forest Editor
 % - Initializing Gui Editor
 % - Initializing Material Editor
 % - Initializing Mesh Road Editor
 % - Initializing Mission Area Editor
 % - Initializing Particle Editor
 % - Initializing Physics Tools
 % - Initializing River Editor
 - Initializing Road and Path Editor
 % - Initializing Shape Editor
Engine initialized...
Window focus status changed: focus: 1
GFXPCD3D9Device::reset - depthstencil 50fca0 has 2 ref's
--- Resetting D3D Device ---
GFXPCD3D9Device::reset - depthstencil 4a51a40 has 2 ref's
--- Resetting D3D Device ---
AntiAliasing has been disabled; it is not compatible with AdvancedLighting.
Exporting server prefs...
Starting multiplayer mode
Binding server port to default IP
UDP initialized on port 28000
ParticleData(GLWaterExpDust) times[2] < times[1]
ParticleData(RLWaterExpDust) times[2] < times[1]
Warning: shape art/shapes/weapons/Turret/Turret_Legs.DAE collision detail 0 (Collision-1) bounds exceed that of shape.
Warning: shape art/shapes/weapons/Turret/Turret_Legs.DAE collision detail 0 (Collision-1) bounds exceed that of shape.
Warning: shape art/shapes/weapons/Turret/Turret_Legs.DAE collision detail 0 (Collision-1) bounds exceed that of shape.
ParticleData(LightPuff) times[2] < times[1]
TSShape::addSequence: Failed to add sequence 'root' (name already exists)
TSShape::addSequence: Failed to add sequence 'run' (name already exists)
TSShape::addSequence: Failed to add sequence 'back' (name already exists)
TSShape::addSequence: Failed to add sequence 'side' (name already exists)
TSShape::addSequence: Failed to add sequence 'look' (name already exists)
TSShape::addSequence: Failed to add sequence 'Head' (name already exists)
TSShape::addSequence: Failed to add sequence 'fall' (name already exists)
TSShape::addSequence: Failed to add sequence 'land' (name already exists)
TSShape::addSequence: Failed to add sequence 'jump' (name already exists)
TSShape::addSequence: Failed to add sequence 'headside' (name already exists)
TSShape::addSequence: Failed to add sequence 'light_recoil' (name already exists)
TSShape::addSequence: Failed to add sequence 'standjump' (name already exists)
Missing file: art/datablocks/vehicles/defaultCar.cs!
Missing file: art/datablocks/vehicles/cheetahCar.cs!
*** LOADING MISSION: levels/Empty Terrain.mis
*** Stage 1 load
*** Stage 2 load
[MaterialList::mapMaterials] Unable to find material for texture: sand
Game -> activatePackages
*** Mission loaded
Connect request from: 
Connection established 4287
CADD: 4288 local
*** Sending mission load to client: levels/Empty Terrain.mis
Mapping string: ServerMessage to index: 0
Mapping string: MsgConnectionError to index: 1
Mapping string: MsgLoadInfo to index: 2
Mapping string: MsgLoadDescripition to index: 3
Sending heartbeat to master server [IP:209.90.70.74:28002]
Mapping string: MsgLoadInfoDone to index: 4
Mapping string: MissionStartPhase1 to index: 5
*** New Mission: levels/Empty Terrain.mis
*** Phase 1: Download Datablocks & Targets
% - PostFX Manager - Executing core/scripts/client/postFx/default.postfxpreset.cs
% - PostFX Manager - Applying from preset
% - PostFX Manager - PostFX enabled
Mapping string: MissionStartPhase1Ack to index: 0
Warning: shape art/shapes/weapons/Turret/Turret_Legs.DAE collision detail 1 (Collision-1) bounds exceed that of shape.
Warning: shape art/shapes/weapons/Turret/Turret_Legs.DAE collision detail 1 (Collision-1) bounds exceed that of shape.
Warning: shape art/shapes/weapons/Turret/Turret_Legs.DAE collision detail 1 (Collision-1) bounds exceed that of shape.
[MaterialList::mapMaterials] Unable to find material for texture: base.lmale
Mapping string: MissionStartPhase2 to index: 6
*** Phase 2: Download Ghost Objects
Mapping string: MissionStartPhase2Ack to index: 1
Ghost Always objects received.
Mapping string: MissionStartPhase3 to index: 7
Client Replication Startup has Happened!
fxFoliageReplicator - replicated client foliage for 0 objects
*** Phase 3: Mission Lighting
Mission lighting done
Mapping string: MissionStartPhase3Ack to index: 2
Mapping string: MissionStart to index: 8
Mapping string: SyncClock to index: 9
Mapping string: RefreshWeaponHud to index: 10
Mapping string: SetAmmoAmountHud to index: 11
Mapping string: MsgClientJoin to index: 12
Mapping string: Welcome to the Torque demo app %1. to index: 13
Mapping string: Visitor to index: 14
Mapping string: overheadCam to index: 3
*** Initial Control Object
Activating DirectInput...
*** Control Object Changed
Mapping string:  to index: 15
Mapping string: setNumericalHealthHUD to index: 16
Window focus status changed: focus: 0
  Using background sleep time: 200
Win32Window::WindowProc - resetting device due to window size change.
GFXPCD3D9Device::reset - depthstencil 4a51a40 has 2 ref's
--- Resetting D3D Device ---
DirectInput deactivated.
Activating DirectInput...
Window focus status changed: focus: 1
Mapping string: createBuilding_orcburrow to index: 4
[MaterialList::mapMaterials] Creating missing material for texture: art/shapes/orcburrow/orcburrow_d
[MaterialList::mapMaterials] Creating missing material for texture: art/shapes/orcburrow/orcburrow_sail
Mapping string: cycleWeapon to index: 5
Mapping string: adjustCamera to index: 6
Mapping string: checkTarget to index: 7
Mapping string: movePlayer to index: 8
*** ENDING MISSION
4286 -> deactivatePackages
CDROP: 4288 
Exporting server prefs...
Exporting client prefs
Exporting server prefs
Cur. D3DDevice ref count=1
